<?xml version="1.0" encoding="UTF-8"?>
<!-- Generated by org.testng.reporters.JUnitReportReporter -->
<testsuite skipped="0" hostname="AshishDavda" name="Test.test1" tests="1" failures="0" timestamp="21 Dec 2019 13:08:06 GMT" time="409.150" errors="0">
  <testcase name="openPage" time="409.150" classname="Test.test1"/>
</testsuite> <!-- Test.test1 -->
