<?xml version="1.0" encoding="UTF-8"?>
<!-- Generated by org.testng.reporters.JUnitReportReporter -->
<testsuite skipped="0" hostname="DESKTOP-JO2E8QI" name="Test.test2" tests="1" failures="0" timestamp="2020-04-09T14:27:38 IST" time="14924.716" errors="0">
  <testcase name="openPage" time="14924.716" classname="Test.test2"/>
  <system-out/>
</testsuite> <!-- Test.test2 -->
